<?xml version="1.0" encoding="UTF-8"?>
<testng-results skipped="2" failed="2" total="7" passed="3">
  <reporter-output>
  </reporter-output>
  <suite name="Command line suite" duration-ms="19585" started-at="2014-05-10T09:35:39Z" finished-at="2014-05-10T09:35:58Z">
    <groups>
    </groups>
    <test name="Command line test" duration-ms="19585" started-at="2014-05-10T09:35:39Z" finished-at="2014-05-10T09:35:58Z">
      <class name="com.joseph.california.test.services.PeopleAgeServiceTest">
        <test-method status="PASS" signature="setUpClass()[pri:0, instance:com.joseph.california.test.services.PeopleAgeServiceTest@59d7b662]" name="setUpClass" is-config="true" duration-ms="968" started-at="2014-05-10T11:35:57Z" finished-at="2014-05-10T11:35:58Z">
          <reporter-output>
          </reporter-output>
        </test-method> <!-- setUpClass -->
        <test-method status="PASS" signature="getAgeofPeple()[pri:0, instance:com.joseph.california.test.services.PeopleAgeServiceTest@59d7b662]" name="getAgeofPeple" duration-ms="63" started-at="2014-05-10T11:35:58Z" finished-at="2014-05-10T11:35:58Z">
          <reporter-output>
          </reporter-output>
        </test-method> <!-- getAgeofPeple -->
        <test-method status="PASS" signature="setUpMethod()[pri:0, instance:com.joseph.california.test.services.PeopleAgeServiceTest@59d7b662]" name="setUpMethod" is-config="true" duration-ms="0" started-at="2014-05-10T11:35:58Z" finished-at="2014-05-10T11:35:58Z">
          <reporter-output>
          </reporter-output>
        </test-method> <!-- setUpMethod -->
        <test-method status="PASS" signature="tearDownMethod()[pri:0, instance:com.joseph.california.test.services.PeopleAgeServiceTest@59d7b662]" name="tearDownMethod" is-config="true" duration-ms="248" started-at="2014-05-10T11:35:58Z" finished-at="2014-05-10T11:35:58Z">
          <reporter-output>
          </reporter-output>
        </test-method> <!-- tearDownMethod -->
        <test-method status="PASS" signature="tearDownClass()[pri:0, instance:com.joseph.california.test.services.PeopleAgeServiceTest@59d7b662]" name="tearDownClass" is-config="true" duration-ms="0" started-at="2014-05-10T11:35:58Z" finished-at="2014-05-10T11:35:58Z">
          <reporter-output>
          </reporter-output>
        </test-method> <!-- tearDownClass -->
      </class> <!-- com.joseph.california.test.services.PeopleAgeServiceTest -->
      <class name="com.joseph.california.test.services.TotalNumberTest">
        <test-method status="PASS" signature="setUpClass()[pri:0, instance:com.joseph.california.test.services.TotalNumberTest@5249c469]" name="setUpClass" is-config="true" duration-ms="1173" started-at="2014-05-10T11:35:55Z" finished-at="2014-05-10T11:35:56Z">
          <reporter-output>
          </reporter-output>
        </test-method> <!-- setUpClass -->
        <test-method status="PASS" signature="setUpMethod()[pri:0, instance:com.joseph.california.test.services.TotalNumberTest@5249c469]" name="setUpMethod" is-config="true" duration-ms="0" started-at="2014-05-10T11:35:56Z" finished-at="2014-05-10T11:35:56Z">
          <reporter-output>
          </reporter-output>
        </test-method> <!-- setUpMethod -->
        <test-method status="FAIL" signature="total()[pri:0, instance:com.joseph.california.test.services.TotalNumberTest@5249c469]" name="total" duration-ms="660" started-at="2014-05-10T11:35:56Z" finished-at="2014-05-10T11:35:57Z">
          <exception class="java.lang.AssertionError">
            <message>
              <![CDATA[ Expert no People expected [1] but found [0]]]>
            </message>
            <full-stacktrace>
              <![CDATA[java.lang.AssertionError:  Expert no People expected [1] but found [0]
	at org.testng.Assert.fail(Assert.java:94)
	at org.testng.Assert.failNotEquals(Assert.java:494)
	at org.testng.Assert.assertEquals(Assert.java:123)
	at org.testng.Assert.assertEquals(Assert.java:370)
	at com.joseph.california.test.services.TotalNumberTest.total(TotalNumberTest.java:46)
	at sun.reflect.NativeMethodAccessorImpl.invoke0(Native Method)
	at sun.reflect.NativeMethodAccessorImpl.invoke(NativeMethodAccessorImpl.java:57)
	at sun.reflect.DelegatingMethodAccessorImpl.invoke(DelegatingMethodAccessorImpl.java:43)
	at java.lang.reflect.Method.invoke(Method.java:606)
	at org.testng.internal.MethodInvocationHelper.invokeMethod(MethodInvocationHelper.java:84)
	at org.testng.internal.Invoker.invokeMethod(Invoker.java:714)
	at org.testng.internal.Invoker.invokeTestMethod(Invoker.java:901)
	at org.testng.internal.Invoker.invokeTestMethods(Invoker.java:1231)
	at org.testng.internal.TestMethodWorker.invokeTestMethods(TestMethodWorker.java:127)
	at org.testng.internal.TestMethodWorker.run(TestMethodWorker.java:111)
	at org.testng.TestRunner.privateRun(TestRunner.java:767)
	at org.testng.TestRunner.run(TestRunner.java:617)
	at org.testng.SuiteRunner.runTest(SuiteRunner.java:348)
	at org.testng.SuiteRunner.runSequentially(SuiteRunner.java:343)
	at org.testng.SuiteRunner.privateRun(SuiteRunner.java:305)
	at org.testng.SuiteRunner.run(SuiteRunner.java:254)
	at org.testng.SuiteRunnerWorker.runSuite(SuiteRunnerWorker.java:52)
	at org.testng.SuiteRunnerWorker.run(SuiteRunnerWorker.java:86)
	at org.testng.TestNG.runSuitesSequentially(TestNG.java:1224)
	at org.testng.TestNG.runSuitesLocally(TestNG.java:1149)
	at org.testng.TestNG.run(TestNG.java:1057)
	at org.apache.maven.surefire.testng.TestNGExecutor.run(TestNGExecutor.java:70)
	at org.apache.maven.surefire.testng.TestNGDirectoryTestSuite.executeMulti(TestNGDirectoryTestSuite.java:158)
	at org.apache.maven.surefire.testng.TestNGDirectoryTestSuite.execute(TestNGDirectoryTestSuite.java:98)
	at org.apache.maven.surefire.testng.TestNGProvider.invoke(TestNGProvider.java:111)
	at sun.reflect.NativeMethodAccessorImpl.invoke0(Native Method)
	at sun.reflect.NativeMethodAccessorImpl.invoke(NativeMethodAccessorImpl.java:57)
	at sun.reflect.DelegatingMethodAccessorImpl.invoke(DelegatingMethodAccessorImpl.java:43)
	at java.lang.reflect.Method.invoke(Method.java:606)
	at org.apache.maven.surefire.util.ReflectionUtils.invokeMethodWithArray(ReflectionUtils.java:164)
	at org.apache.maven.surefire.booter.ProviderFactory$ProviderProxy.invoke(ProviderFactory.java:110)
	at org.apache.maven.surefire.booter.SurefireStarter.invokeProvider(SurefireStarter.java:175)
	at org.apache.maven.surefire.booter.SurefireStarter.runSuitesInProcessWhenForked(SurefireStarter.java:107)
	at org.apache.maven.surefire.booter.ForkedBooter.main(ForkedBooter.java:68)
]]>
            </full-stacktrace>
          </exception> <!-- java.lang.AssertionError -->
          <reporter-output>
          </reporter-output>
        </test-method> <!-- total -->
        <test-method status="PASS" signature="tearDownMethod()[pri:0, instance:com.joseph.california.test.services.TotalNumberTest@5249c469]" name="tearDownMethod" is-config="true" duration-ms="1" started-at="2014-05-10T11:35:57Z" finished-at="2014-05-10T11:35:57Z">
          <reporter-output>
          </reporter-output>
        </test-method> <!-- tearDownMethod -->
        <test-method status="PASS" signature="tearDownClass()[pri:0, instance:com.joseph.california.test.services.TotalNumberTest@5249c469]" name="tearDownClass" is-config="true" duration-ms="1" started-at="2014-05-10T11:35:57Z" finished-at="2014-05-10T11:35:57Z">
          <reporter-output>
          </reporter-output>
        </test-method> <!-- tearDownClass -->
      </class> <!-- com.joseph.california.test.services.TotalNumberTest -->
      <class name="com.joseph.california.test.respository.PersonRepositoryTest">
        <test-method status="PASS" signature="setUpClass()[pri:0, instance:com.joseph.california.test.respository.PersonRepositoryTest@76656185]" name="setUpClass" is-config="true" duration-ms="1281" started-at="2014-05-10T11:35:54Z" finished-at="2014-05-10T11:35:55Z">
          <reporter-output>
          </reporter-output>
        </test-method> <!-- setUpClass -->
        <test-method status="PASS" signature="setUpMethod()[pri:0, instance:com.joseph.california.test.respository.PersonRepositoryTest@76656185]" name="setUpMethod" is-config="true" duration-ms="1" started-at="2014-05-10T11:35:55Z" finished-at="2014-05-10T11:35:55Z">
          <reporter-output>
          </reporter-output>
        </test-method> <!-- setUpMethod -->
        <test-method status="PASS" signature="createPerson()[pri:0, instance:com.joseph.california.test.respository.PersonRepositoryTest@76656185]" name="createPerson" duration-ms="78" started-at="2014-05-10T11:35:55Z" finished-at="2014-05-10T11:35:55Z">
          <reporter-output>
          </reporter-output>
        </test-method> <!-- createPerson -->
        <test-method status="PASS" signature="tearDownMethod()[pri:0, instance:com.joseph.california.test.respository.PersonRepositoryTest@76656185]" name="tearDownMethod" is-config="true" duration-ms="1" started-at="2014-05-10T11:35:55Z" finished-at="2014-05-10T11:35:55Z">
          <reporter-output>
          </reporter-output>
        </test-method> <!-- tearDownMethod -->
        <test-method status="PASS" signature="setUpMethod()[pri:0, instance:com.joseph.california.test.respository.PersonRepositoryTest@76656185]" name="setUpMethod" is-config="true" duration-ms="1" started-at="2014-05-10T11:35:58Z" finished-at="2014-05-10T11:35:58Z">
          <reporter-output>
          </reporter-output>
        </test-method> <!-- setUpMethod -->
        <test-method status="FAIL" signature="readPerson()[pri:0, instance:com.joseph.california.test.respository.PersonRepositoryTest@76656185]" name="readPerson" duration-ms="33" started-at="2014-05-10T11:35:58Z" depends-on-methods="com.joseph.california.test.respository.PersonRepositoryTest.createPerson" finished-at="2014-05-10T11:35:58Z">
          <exception class="java.lang.NullPointerException">
            <full-stacktrace>
              <![CDATA[java.lang.NullPointerException
	at com.joseph.california.test.respository.PersonRepositoryTest.readPerson(PersonRepositoryTest.java:56)
	at sun.reflect.NativeMethodAccessorImpl.invoke0(Native Method)
	at sun.reflect.NativeMethodAccessorImpl.invoke(NativeMethodAccessorImpl.java:57)
	at sun.reflect.DelegatingMethodAccessorImpl.invoke(DelegatingMethodAccessorImpl.java:43)
	at java.lang.reflect.Method.invoke(Method.java:606)
	at org.testng.internal.MethodInvocationHelper.invokeMethod(MethodInvocationHelper.java:84)
	at org.testng.internal.Invoker.invokeMethod(Invoker.java:714)
	at org.testng.internal.Invoker.invokeTestMethod(Invoker.java:901)
	at org.testng.internal.Invoker.invokeTestMethods(Invoker.java:1231)
	at org.testng.internal.TestMethodWorker.invokeTestMethods(TestMethodWorker.java:127)
	at org.testng.internal.TestMethodWorker.run(TestMethodWorker.java:111)
	at org.testng.TestRunner.privateRun(TestRunner.java:767)
	at org.testng.TestRunner.run(TestRunner.java:617)
	at org.testng.SuiteRunner.runTest(SuiteRunner.java:348)
	at org.testng.SuiteRunner.runSequentially(SuiteRunner.java:343)
	at org.testng.SuiteRunner.privateRun(SuiteRunner.java:305)
	at org.testng.SuiteRunner.run(SuiteRunner.java:254)
	at org.testng.SuiteRunnerWorker.runSuite(SuiteRunnerWorker.java:52)
	at org.testng.SuiteRunnerWorker.run(SuiteRunnerWorker.java:86)
	at org.testng.TestNG.runSuitesSequentially(TestNG.java:1224)
	at org.testng.TestNG.runSuitesLocally(TestNG.java:1149)
	at org.testng.TestNG.run(TestNG.java:1057)
	at org.apache.maven.surefire.testng.TestNGExecutor.run(TestNGExecutor.java:70)
	at org.apache.maven.surefire.testng.TestNGDirectoryTestSuite.executeMulti(TestNGDirectoryTestSuite.java:158)
	at org.apache.maven.surefire.testng.TestNGDirectoryTestSuite.execute(TestNGDirectoryTestSuite.java:98)
	at org.apache.maven.surefire.testng.TestNGProvider.invoke(TestNGProvider.java:111)
	at sun.reflect.NativeMethodAccessorImpl.invoke0(Native Method)
	at sun.reflect.NativeMethodAccessorImpl.invoke(NativeMethodAccessorImpl.java:57)
	at sun.reflect.DelegatingMethodAccessorImpl.invoke(DelegatingMethodAccessorImpl.java:43)
	at java.lang.reflect.Method.invoke(Method.java:606)
	at org.apache.maven.surefire.util.ReflectionUtils.invokeMethodWithArray(ReflectionUtils.java:164)
	at org.apache.maven.surefire.booter.ProviderFactory$ProviderProxy.invoke(ProviderFactory.java:110)
	at org.apache.maven.surefire.booter.SurefireStarter.invokeProvider(SurefireStarter.java:175)
	at org.apache.maven.surefire.booter.SurefireStarter.runSuitesInProcessWhenForked(SurefireStarter.java:107)
	at org.apache.maven.surefire.booter.ForkedBooter.main(ForkedBooter.java:68)
]]>
            </full-stacktrace>
          </exception> <!-- java.lang.NullPointerException -->
          <reporter-output>
          </reporter-output>
        </test-method> <!-- readPerson -->
        <test-method status="PASS" signature="tearDownMethod()[pri:0, instance:com.joseph.california.test.respository.PersonRepositoryTest@76656185]" name="tearDownMethod" is-config="true" duration-ms="0" started-at="2014-05-10T11:35:58Z" finished-at="2014-05-10T11:35:58Z">
          <reporter-output>
          </reporter-output>
        </test-method> <!-- tearDownMethod -->
        <test-method status="SKIP" signature="updatePerson()[pri:0, instance:com.joseph.california.test.respository.PersonRepositoryTest@76656185]" name="updatePerson" duration-ms="1" started-at="2014-05-10T11:35:58Z" depends-on-methods="com.joseph.california.test.respository.PersonRepositoryTest.readPerson" finished-at="2014-05-10T11:35:58Z">
          <reporter-output>
          </reporter-output>
        </test-method> <!-- updatePerson -->
        <test-method status="SKIP" signature="deletePerson()[pri:0, instance:com.joseph.california.test.respository.PersonRepositoryTest@76656185]" name="deletePerson" duration-ms="1" started-at="2014-05-10T11:35:58Z" depends-on-methods="com.joseph.california.test.respository.PersonRepositoryTest.updatePerson" finished-at="2014-05-10T11:35:58Z">
          <reporter-output>
          </reporter-output>
        </test-method> <!-- deletePerson -->
        <test-method status="PASS" signature="tearDownClass()[pri:0, instance:com.joseph.california.test.respository.PersonRepositoryTest@76656185]" name="tearDownClass" is-config="true" duration-ms="0" started-at="2014-05-10T11:35:58Z" finished-at="2014-05-10T11:35:58Z">
          <reporter-output>
          </reporter-output>
        </test-method> <!-- tearDownClass -->
      </class> <!-- com.joseph.california.test.respository.PersonRepositoryTest -->
      <class name="com.joseph.california.test.respository.CustomerRepositoryTest">
        <test-method status="PASS" signature="setUpClass()[pri:0, instance:com.joseph.california.test.respository.CustomerRepositoryTest@79e59f7c]" name="setUpClass" is-config="true" duration-ms="14783" started-at="2014-05-10T11:35:39Z" finished-at="2014-05-10T11:35:53Z">
          <reporter-output>
          </reporter-output>
        </test-method> <!-- setUpClass -->
        <test-method status="PASS" signature="setUpMethod()[pri:0, instance:com.joseph.california.test.respository.CustomerRepositoryTest@79e59f7c]" name="setUpMethod" is-config="true" duration-ms="1" started-at="2014-05-10T11:35:53Z" finished-at="2014-05-10T11:35:53Z">
          <reporter-output>
          </reporter-output>
        </test-method> <!-- setUpMethod -->
        <test-method status="PASS" signature="hello()[pri:0, instance:com.joseph.california.test.respository.CustomerRepositoryTest@79e59f7c]" name="hello" duration-ms="223" started-at="2014-05-10T11:35:53Z" finished-at="2014-05-10T11:35:54Z">
          <reporter-output>
          </reporter-output>
        </test-method> <!-- hello -->
        <test-method status="PASS" signature="tearDownMethod()[pri:0, instance:com.joseph.california.test.respository.CustomerRepositoryTest@79e59f7c]" name="tearDownMethod" is-config="true" duration-ms="1" started-at="2014-05-10T11:35:54Z" finished-at="2014-05-10T11:35:54Z">
          <reporter-output>
          </reporter-output>
        </test-method> <!-- tearDownMethod -->
        <test-method status="PASS" signature="tearDownClass()[pri:0, instance:com.joseph.california.test.respository.CustomerRepositoryTest@79e59f7c]" name="tearDownClass" is-config="true" duration-ms="0" started-at="2014-05-10T11:35:54Z" finished-at="2014-05-10T11:35:54Z">
          <reporter-output>
          </reporter-output>
        </test-method> <!-- tearDownClass -->
      </class> <!-- com.joseph.california.test.respository.CustomerRepositoryTest -->
    </test> <!-- Command line test -->
  </suite> <!-- Command line suite -->
</testng-results>
